<testsuite errors="0" failures="0" name="Django Project Tests" skips="0" tests="6" time="0.032"><testcase classname="users.tests.CompanyTestCase" name="test_company_fields" time="0.001040" /><testcase classname="users.tests.CompanyTestCase" name="test_company_is_in_database" time="0.001002" /><testcase classname="users.tests.CompanyTestCase" name="test_login_validation" time="0.016000" /><testcase classname="users.tests.UserTestCase" name="test_login_validation" time="0.006999" /><testcase classname="users.tests.UserTestCase" name="test_user_fields" time="0.001044" /><testcase classname="users.tests.UserTestCase" name="test_user_is_in_database" time="0.000998" /></testsuite>