<testsuite errors="0" failures="0" name="Django Project Tests" skips="0" tests="5" time="0.015"><testcase classname="users.tests.CompanyTestCase" name="test_company_fields" time="0.000999" /><testcase classname="users.tests.CompanyTestCase" name="test_company_is_in_database" time="0.001042" /><testcase classname="users.tests.UserTestCase" name="test_login_validation" time="0.008999" /><testcase classname="users.tests.UserTestCase" name="test_user_fields" time="0.001001" /><testcase classname="users.tests.UserTestCase" name="test_user_is_in_database" time="0.000000" /></testsuite>