<testsuite errors="0" failures="0" name="Django Project Tests" skips="0" tests="6" time="0.398"><testcase classname="users.tests.CompanyTestCase" name="test_company_fields" time="0.001000" /><testcase classname="users.tests.CompanyTestCase" name="test_company_is_in_database" time="0.001000" /><testcase classname="users.tests.CompanyTestCase" name="test_login_validation" time="0.369568" /><testcase classname="users.tests.UserTestCase" name="test_login_validation" time="0.005923" /><testcase classname="users.tests.UserTestCase" name="test_user_fields" time="0.001083" /><testcase classname="users.tests.UserTestCase" name="test_user_is_in_database" time="0.001000" /></testsuite>