<testsuite errors="0" failures="0" name="Django Project Tests" skips="0" tests="6" time="0.310"><testcase classname="users.tests.CompanyTestCase" name="test_company_fields" time="0.002998" /><testcase classname="users.tests.CompanyTestCase" name="test_company_is_in_database" time="0.000996" /><testcase classname="users.tests.CompanyTestCase" name="test_login_validation" time="0.261222" /><testcase classname="users.tests.UserTestCase" name="test_login_validation" time="0.023993" /><testcase classname="users.tests.UserTestCase" name="test_user_fields" time="0.001997" /><testcase classname="users.tests.UserTestCase" name="test_user_is_in_database" time="0.003045" /></testsuite>